Sat Sep  2 00:01:50 2023       
+---------------------------------------------------------------------------------------+
| NVIDIA-SMI 530.30.02              Driver Version: 530.30.02    CUDA Version: 12.1     |
|-----------------------------------------+----------------------+----------------------+
| GPU  Name                  Persistence-M| Bus-Id        Disp.A | Volatile Uncorr. ECC |
| Fan  Temp  Perf            Pwr:Usage/Cap|         Memory-Usage | GPU-Util  Compute M. |
|                                         |                      |               MIG M. |
|=========================================+======================+======================|
|   0  Tesla V100-PCIE-32GB            Off| 00000000:58:00.0 Off |                    0 |
| N/A   31C    P0               26W / 250W|      0MiB / 32768MiB |      0%      Default |
|                                         |                      |                  N/A |
+-----------------------------------------+----------------------+----------------------+
|   1  Tesla V100-PCIE-32GB            Off| 00000000:D8:00.0 Off |                    0 |
| N/A   27C    P0               24W / 250W|      0MiB / 32768MiB |      0%      Default |
|                                         |                      |                  N/A |
+-----------------------------------------+----------------------+----------------------+
                                                                                         
+---------------------------------------------------------------------------------------+
| Processes:                                                                            |
|  GPU   GI   CI        PID   Type   Process name                            GPU Memory |
|        ID   ID                                                             Usage      |
|=======================================================================================|
|  No running processes found                                                           |
+---------------------------------------------------------------------------------------+
0

HOSTNAME = e00161
Running on 14 processor(s) on 1 node(s).
Running  GPUs.
Sat Sep  2 00:01:50 CEST 2023


EnvironmentNameNotFound: Could not find conda environment: gpu
You can list all discoverable environments with `conda info --envs`.


Device : cuda
loading data as batch
Total number of samples in the train dataset: 17
Number of batches: 9
Total number of samples in the validation dataset: 8
Number of batches: 4
Total number of samples in the test dataset: 10
Number of batches: 5
Data path: /home/tappay01/data/data1/Data1_1250MeV_50Mm_-121.5Mm.npy
Data path: /home/tappay01/data/data1/Data1_1250MeV_-50Mm_-71.5Mm.npy
Processing train batch 0
Training Critic
Training Generator
calculating passing rate...
Batch 0/9                     Loss D: 9.8519, loss G: 0.0053
Train passing rate(1%) :0.00
add image to tensor board for step 0
Data path: /home/tappay01/data/data1/Data1_1500MeV_-50Mm_-46.5Mm.npy
Data path: /home/tappay01/data/data1/Data1_1500MeV_-50Mm_-71.5Mm.npy
Processing train batch 1
Training Critic
Training Generator
calculating passing rate...
Data path: /home/tappay01/data/data1/Data1_1250MeV_-25Mm_-146.5Mm.npy
Data path: /home/tappay01/data/data1/Data1_1500MeV_-50Mm_-146.5Mm.npy
Processing train batch 2
Training Critic
Training Generator
calculating passing rate...
Data path: /home/tappay01/data/data1/Data1_1250MeV_25Mm_-46.5Mm.npy
Data path: /home/tappay01/data/data1/Data1_1500MeV_-25Mm_-71.5Mm.npy
Processing train batch 3
Training Critic
Training Generator
calculating passing rate...
Data path: /home/tappay01/data/data1/Data1_1500MeV_-25Mm_-146.5Mm.npy
Data path: /home/tappay01/data/data1/Data1_1250MeV_75Mm_-121.5Mm.npy
Processing train batch 4
Training Critic
Training Generator
calculating passing rate...
Data path: /home/tappay01/data/data1/Data1_1250MeV_-25Mm_-46.5Mm.npy
Data path: /home/tappay01/data/data1/Data1_1250MeV_75Mm_-96.5Mm.npy
Processing train batch 5
Training Critic
Training Generator
calculating passing rate...
Data path: /home/tappay01/data/data1/Data1_1250MeV_-50Mm_-46.5Mm.npy
Data path: /home/tappay01/data/data1/Data1_1250MeV_-25Mm_-121.5Mm.npy
Processing train batch 6
Training Critic
Training Generator
calculating passing rate...
Data path: /home/tappay01/data/data1/Data1_1500MeV_-25Mm_-46.5Mm.npy
Data path: /home/tappay01/data/data1/Data1_1250MeV_-25Mm_-71.5Mm.npy
Processing train batch 7
Training Critic
Training Generator
calculating passing rate...
Data path: /home/tappay01/data/data1/Data1_1250MeV_25Mm_-121.5Mm.npy
Processing train batch 8
Training Critic
Training Generator
calculating passing rate...
End of training step. Start validation step
Data path: /home/tappay01/data/data1/Data1_1500MeV_-25Mm_-96.5Mm.npy
Data path: /home/tappay01/data/data1/Data1_1250MeV_-50Mm_-121.5Mm.npy
Processing val batch 0
Batch 0/4                     Val passing rate 1%: 0.0000
Data path: /home/tappay01/data/data1/Data1_1250MeV_50Mm_-71.5Mm.npy
Data path: /home/tappay01/data/data1/Data1_1250MeV_50Mm_-96.5Mm.npy
Processing val batch 1
Batch 1/4                     Val passing rate 1%: 0.0000
Data path: /home/tappay01/data/data1/Data1_1250MeV_25Mm_-96.5Mm.npy
Data path: /home/tappay01/data/data1/Data1_1500MeV_-50Mm_-121.5Mm.npy
Processing val batch 2
Batch 2/4                     Val passing rate 1%: 0.0000
Data path: /home/tappay01/data/data1/Data1_1500MeV_-50Mm_-96.5Mm.npy
Data path: /home/tappay01/data/data1/Data1_1250MeV_-25Mm_-96.5Mm.npy
Processing val batch 3
Batch 3/4                     Val passing rate 1%: 0.0000
epoch_loss_gen : nan
epoch_loss_critic : nan
epoch_passing_rate_1 : 5.298190646701389e-06
val_passing_rate_1 : 0.0
Data path: /home/tappay01/data/data1/Data1_1250MeV_-25Mm_-46.5Mm.npy
Data path: /home/tappay01/data/data1/Data1_1250MeV_-50Mm_-46.5Mm.npy
Processing train batch 0
Training Critic
Training Generator
calculating passing rate...
Batch 0/9                     Loss D: nan, loss G: nan
Train passing rate(1%) :0.00
add image to tensor board for step 1
Data path: /home/tappay01/data/data1/Data1_1250MeV_75Mm_-121.5Mm.npy
Data path: /home/tappay01/data/data1/Data1_1250MeV_25Mm_-46.5Mm.npy
Processing train batch 1
Training Critic
Training Generator
calculating passing rate...
Data path: /home/tappay01/data/data1/Data1_1500MeV_-50Mm_-146.5Mm.npy
Data path: /home/tappay01/data/data1/Data1_1250MeV_-50Mm_-71.5Mm.npy
Processing train batch 2
Training Critic
Training Generator
calculating passing rate...
Data path: /home/tappay01/data/data1/Data1_1500MeV_-50Mm_-46.5Mm.npy
Data path: /home/tappay01/data/data1/Data1_1250MeV_-25Mm_-71.5Mm.npy
Processing train batch 3
Training Critic
Training Generator
calculating passing rate...
Data path: /home/tappay01/data/data1/Data1_1500MeV_-25Mm_-46.5Mm.npy
Data path: /home/tappay01/data/data1/Data1_1500MeV_-25Mm_-146.5Mm.npy
Processing train batch 4
Training Critic
Training Generator
calculating passing rate...
Data path: /home/tappay01/data/data1/Data1_1250MeV_75Mm_-96.5Mm.npy
Data path: /home/tappay01/data/data1/Data1_1250MeV_-25Mm_-121.5Mm.npy
Processing train batch 5
Training Critic
Training Generator
calculating passing rate...
Data path: /home/tappay01/data/data1/Data1_1500MeV_-25Mm_-71.5Mm.npy
Data path: /home/tappay01/data/data1/Data1_1250MeV_50Mm_-121.5Mm.npy
Processing train batch 6
Training Critic
Training Generator
calculating passing rate...
Data path: /home/tappay01/data/data1/Data1_1250MeV_25Mm_-121.5Mm.npy
Data path: /home/tappay01/data/data1/Data1_1250MeV_-25Mm_-146.5Mm.npy
Processing train batch 7
Training Critic
Training Generator
calculating passing rate...
Data path: /home/tappay01/data/data1/Data1_1500MeV_-50Mm_-71.5Mm.npy
Processing train batch 8
Training Critic
Training Generator
calculating passing rate...
End of training step. Start validation step
Data path: /home/tappay01/data/data1/Data1_1500MeV_-25Mm_-96.5Mm.npy
Data path: /home/tappay01/data/data1/Data1_1250MeV_-50Mm_-121.5Mm.npy
Processing val batch 0
Batch 0/4                     Val passing rate 1%: 0.0000
Data path: /home/tappay01/data/data1/Data1_1250MeV_50Mm_-71.5Mm.npy
Data path: /home/tappay01/data/data1/Data1_1250MeV_50Mm_-96.5Mm.npy
Processing val batch 1
Batch 1/4                     Val passing rate 1%: 0.0000
Data path: /home/tappay01/data/data1/Data1_1250MeV_25Mm_-96.5Mm.npy
Data path: /home/tappay01/data/data1/Data1_1500MeV_-50Mm_-121.5Mm.npy
Processing val batch 2
Batch 2/4                     Val passing rate 1%: 0.0000
Data path: /home/tappay01/data/data1/Data1_1500MeV_-50Mm_-96.5Mm.npy
Data path: /home/tappay01/data/data1/Data1_1250MeV_-25Mm_-96.5Mm.npy
Processing val batch 3
Batch 3/4                     Val passing rate 1%: 0.0000
epoch_loss_gen : nan
epoch_loss_critic : nan
epoch_passing_rate_1 : 0.0
val_passing_rate_1 : 0.0
Traceback (most recent call last):
  File "main.py", line 160, in <module>
    plt.plot(results["passing_rate_1"],label="train_passing_rate_1")
KeyError: 'passing_rate_1'


Total time elapsed: 00h01m47s (on  cores)
Done.
