Wed Aug 30 14:03:39 2023       
+---------------------------------------------------------------------------------------+
| NVIDIA-SMI 530.30.02              Driver Version: 530.30.02    CUDA Version: 12.1     |
|-----------------------------------------+----------------------+----------------------+
| GPU  Name                  Persistence-M| Bus-Id        Disp.A | Volatile Uncorr. ECC |
| Fan  Temp  Perf            Pwr:Usage/Cap|         Memory-Usage | GPU-Util  Compute M. |
|                                         |                      |               MIG M. |
|=========================================+======================+======================|
|   0  Tesla V100-PCIE-32GB            Off| 00000000:58:00.0 Off |                    0 |
| N/A   27C    P0               25W / 250W|      0MiB / 32768MiB |      0%      Default |
|                                         |                      |                  N/A |
+-----------------------------------------+----------------------+----------------------+
|   1  Tesla V100-PCIE-32GB            Off| 00000000:D8:00.0 Off |                    0 |
| N/A   25C    P0               23W / 250W|      0MiB / 32768MiB |      0%      Default |
|                                         |                      |                  N/A |
+-----------------------------------------+----------------------+----------------------+
                                                                                         
+---------------------------------------------------------------------------------------+
| Processes:                                                                            |
|  GPU   GI   CI        PID   Type   Process name                            GPU Memory |
|        ID   ID                                                             Usage      |
|=======================================================================================|
|  No running processes found                                                           |
+---------------------------------------------------------------------------------------+
0

HOSTNAME = e00161
Running on 14 processor(s) on 1 node(s).
Running  GPUs.
Wed Aug 30 14:03:39 CEST 2023


EnvironmentNameNotFound: Could not find conda environment: gpu
You can list all discoverable environments with `conda info --envs`.


Device : cuda
loading data as batch
Total number of samples in the train dataset: 17
Number of batches: 9
Total number of samples in the validation dataset: 8
Number of batches: 4
Total number of samples in the test dataset: 10
Number of batches: 5
Data path: /home/tappay01/data/data1/Data1_1500MeV_-25Mm_-146.5Mm.npy
Data path: /home/tappay01/data/data1/Data1_1250MeV_-50Mm_-146.5Mm.npy
Processing train batch 0
Training Critic
Traceback (most recent call last):
  File "main.py", line 114, in <module>
    step_fake 
  File "/home/tappay01/program/engine.py", line 72, in train_step
    gp = gradient_penalty(critic, real, fake, cond, device=device)
  File "/home/tappay01/program/model.py", line 172, in gradient_penalty
    mixed_scores = critic(interpolated_images, cond)
  File "/home/tappay01/anaconda3/lib/python3.7/site-packages/torch/nn/modules/module.py", line 1130, in _call_impl
    return forward_call(*input, **kwargs)
  File "/home/tappay01/program/model.py", line 33, in forward
    x = self.c1(cat)
  File "/home/tappay01/anaconda3/lib/python3.7/site-packages/torch/nn/modules/module.py", line 1130, in _call_impl
    return forward_call(*input, **kwargs)
  File "/home/tappay01/anaconda3/lib/python3.7/site-packages/torch/nn/modules/container.py", line 139, in forward
    input = module(input)
  File "/home/tappay01/anaconda3/lib/python3.7/site-packages/torch/nn/modules/module.py", line 1130, in _call_impl
    return forward_call(*input, **kwargs)
  File "/home/tappay01/anaconda3/lib/python3.7/site-packages/torch/nn/modules/activation.py", line 391, in forward
    return F.silu(input, inplace=self.inplace)
  File "/home/tappay01/anaconda3/lib/python3.7/site-packages/torch/nn/functional.py", line 2048, in silu
    return torch._C._nn.silu(input)
RuntimeError: CUDA out of memory. Tried to allocate 1024.00 MiB (GPU 0; 31.74 GiB total capacity; 29.69 GiB already allocated; 789.12 MiB free; 29.71 GiB reserved in total by PyTorch) If reserved memory is >> allocated memory try setting max_split_size_mb to avoid fragmentation.  See documentation for Memory Management and PYTORCH_CUDA_ALLOC_CONF


Total time elapsed: 00h00m17s (on  cores)
Done.
