Fri Sep  1 23:51:44 2023       
+---------------------------------------------------------------------------------------+
| NVIDIA-SMI 530.30.02              Driver Version: 530.30.02    CUDA Version: 12.1     |
|-----------------------------------------+----------------------+----------------------+
| GPU  Name                  Persistence-M| Bus-Id        Disp.A | Volatile Uncorr. ECC |
| Fan  Temp  Perf            Pwr:Usage/Cap|         Memory-Usage | GPU-Util  Compute M. |
|                                         |                      |               MIG M. |
|=========================================+======================+======================|
|   0  Tesla V100-PCIE-32GB            Off| 00000000:58:00.0 Off |                    0 |
| N/A   30C    P0               26W / 250W|      0MiB / 32768MiB |      0%      Default |
|                                         |                      |                  N/A |
+-----------------------------------------+----------------------+----------------------+
|   1  Tesla V100-PCIE-32GB            Off| 00000000:D8:00.0 Off |                    0 |
| N/A   27C    P0               24W / 250W|      0MiB / 32768MiB |      0%      Default |
|                                         |                      |                  N/A |
+-----------------------------------------+----------------------+----------------------+
                                                                                         
+---------------------------------------------------------------------------------------+
| Processes:                                                                            |
|  GPU   GI   CI        PID   Type   Process name                            GPU Memory |
|        ID   ID                                                             Usage      |
|=======================================================================================|
|  No running processes found                                                           |
+---------------------------------------------------------------------------------------+
0

HOSTNAME = e00161
Running on 14 processor(s) on 1 node(s).
Running  GPUs.
Fri Sep  1 23:51:44 CEST 2023


EnvironmentNameNotFound: Could not find conda environment: gpu
You can list all discoverable environments with `conda info --envs`.


Traceback (most recent call last):
  File "main.py", line 15, in <module>
    from model import Critic3d, Generator, initialize_weights
  File "/home/tappay01/program/model.py", line 3, in <module>
    import torchinfo    
ModuleNotFoundError: No module named 'torchinfo'


Total time elapsed: 00h00m04s (on  cores)
Done.
